[01m[K/home/tarmy/ros/fsb/catkin_g2otest/src/beginner_tutorials/src/calculate.cpp:[m[K In function ‘[01m[Kint main(int, char**)[m[K’:
[01m[K/home/tarmy/ros/fsb/catkin_g2otest/src/beginner_tutorials/src/calculate.cpp:128:70:[m[K [01;31m[Kerror: [m[Kno matching function for call to ‘[01m[Kg2o::OptimizationAlgorithmLevenberg::OptimizationAlgorithmLevenberg(std::remove_reference<std::unique_ptr<g2o::BlockSolver<g2o::BlockSolverTraits<-1, -1> >, std::default_delete<g2o::BlockSolver<g2o::BlockSolverTraits<-1, -1> > > >&>::type)[m[K’
             new OptimizationAlgorithmLevenberg(std::move(blockSolver));
[01;32m[K                                                                      ^[m[K
In file included from [01m[K/home/tarmy/ros/fsb/catkin_g2otest/src/beginner_tutorials/src/calculate.cpp:9:0[m[K:
[01m[K/opt/ros/kinetic/include/g2o/core/optimization_algorithm_levenberg.h:45:16:[m[K [01;36m[Knote: [m[Kcandidate: g2o::OptimizationAlgorithmLevenberg::OptimizationAlgorithmLevenberg(g2o::Solver*)
       explicit OptimizationAlgorithmLevenberg(Solver* solver);
[01;32m[K                ^[m[K
[01m[K/opt/ros/kinetic/include/g2o/core/optimization_algorithm_levenberg.h:45:16:[m[K [01;36m[Knote: [m[K  no known conversion for argument 1 from ‘[01m[Kstd::remove_reference<std::unique_ptr<g2o::BlockSolver<g2o::BlockSolverTraits<-1, -1> >, std::default_delete<g2o::BlockSolver<g2o::BlockSolverTraits<-1, -1> > > >&>::type {aka std::unique_ptr<g2o::BlockSolver<g2o::BlockSolverTraits<-1, -1> >, std::default_delete<g2o::BlockSolver<g2o::BlockSolverTraits<-1, -1> > > >}[m[K’ to ‘[01m[Kg2o::Solver*[m[K’
In file included from [01m[K/usr/include/c++/5/memory:81:0[m[K,
                 from [01m[K/opt/ros/kinetic/include/g2o/core/robust_kernel.h:30[m[K,
                 from [01m[K/opt/ros/kinetic/include/g2o/core/base_unary_edge.h:35[m[K,
                 from [01m[K/home/tarmy/ros/fsb/catkin_g2otest/src/beginner_tutorials/src/calculate.cpp:5[m[K:
/usr/include/c++/5/bits/unique_ptr.h: In instantiation of ‘[01m[Ktypename std::_MakeUniq<_Tp>::__single_object std::make_unique(_Args&& ...) [with _Tp = g2o::BlockSolver<g2o::BlockSolverTraits<-1, -1> >; _Args = {std::unique_ptr<g2o::LinearSolverCSparse<Eigen::Matrix<double, -1, -1, 0, -1, -1> >, std::default_delete<g2o::LinearSolverCSparse<Eigen::Matrix<double, -1, -1, 0, -1, -1> > > >}; typename std::_MakeUniq<_Tp>::__single_object = std::unique_ptr<g2o::BlockSolver<g2o::BlockSolverTraits<-1, -1> >, std::default_delete<g2o::BlockSolver<g2o::BlockSolverTraits<-1, -1> > > >][m[K’:
[01m[K/home/tarmy/ros/fsb/catkin_g2otest/src/beginner_tutorials/src/calculate.cpp:123:71:[m[K   required from here
[01m[K/usr/include/c++/5/bits/unique_ptr.h:765:69:[m[K [01;31m[Kerror: [m[Kno matching function for call to ‘[01m[Kg2o::BlockSolver<g2o::BlockSolverTraits<-1, -1> >::BlockSolver(std::unique_ptr<g2o::LinearSolverCSparse<Eigen::Matrix<double, -1, -1> >, std::default_delete<g2o::LinearSolverCSparse<Eigen::Matrix<double, -1, -1> > > >)[m[K’
     { return unique_ptr<_Tp>(new _Tp(std::forward<_Args>(__args)...)); }
[01;32m[K                                                                     ^[m[K
In file included from [01m[K/opt/ros/kinetic/include/g2o/core/block_solver.h:189:0[m[K,
                 from [01m[K/home/tarmy/ros/fsb/catkin_g2otest/src/beginner_tutorials/src/calculate.cpp:7[m[K:
[01m[K/opt/ros/kinetic/include/g2o/core/block_solver.hpp:39:1:[m[K [01;36m[Knote: [m[Kcandidate: g2o::BlockSolver<Traits>::BlockSolver(g2o::BlockSolver<Traits>::LinearSolverType*) [with Traits = g2o::BlockSolverTraits<-1, -1>; g2o::BlockSolver<Traits>::LinearSolverType = g2o::LinearSolver<Eigen::Matrix<double, -1, -1> >]
 BlockSolver<Traits>::BlockSolver(LinearSolverType* linearSolver) :
[01;32m[K ^[m[K
[01m[K/opt/ros/kinetic/include/g2o/core/block_solver.hpp:39:1:[m[K [01;36m[Knote: [m[K  no known conversion for argument 1 from ‘[01m[Kstd::unique_ptr<g2o::LinearSolverCSparse<Eigen::Matrix<double, -1, -1> >, std::default_delete<g2o::LinearSolverCSparse<Eigen::Matrix<double, -1, -1> > > >[m[K’ to ‘[01m[Kg2o::BlockSolver<g2o::BlockSolverTraits<-1, -1> >::LinearSolverType* {aka g2o::LinearSolver<Eigen::Matrix<double, -1, -1> >*}[m[K’
make[2]: *** [CMakeFiles/calculate.dir/src/calculate.cpp.o] Error 1
make[1]: *** [CMakeFiles/calculate.dir/all] Error 2
make: *** [all] Error 2
